<?xml version="1.0" encoding="UTF-8"?>
<!-- Generated by org.testng.reporters.JUnitReportReporter -->
<testsuite hostname="DESKTOP-HRGUEQ0" failures="0" tests="2" name="sample.Sample1Test" time="0.027" errors="0" timestamp="2022-12-05T16:42:06 IST" skipped="0">
  <testcase classname="sample.Sample1Test" name="tc2" time="0.005"/>
  <system-out/>
  <testcase classname="sample.Sample1Test" name="tc1" time="0.022"/>
  <system-out/>
</testsuite> <!-- sample.Sample1Test -->
