<?xml version="1.0" encoding="UTF-8"?>
<!-- Generated by org.testng.reporters.JUnitReportReporter -->
<testsuite hostname="DESKTOP-HRGUEQ0" failures="0" tests="2" name="sample.Sample2Test" time="0.011" errors="0" timestamp="2022-12-05T16:42:06 IST" skipped="0">
  <testcase classname="sample.Sample2Test" name="tc" time="0.006"/>
  <system-out/>
  <testcase classname="sample.Sample2Test" name="tc3" time="0.005"/>
  <system-out/>
</testsuite> <!-- sample.Sample2Test -->
